<?xml version="1.0" encoding="UTF-8"?>
<!-- Generated by org.testng.reporters.JUnitReportReporter -->
<testsuite hostname="DESKTOP-FHU5E42" failures="0" tests="2" name="com.test.Session01" time="0.011" errors="0" timestamp="2022-05-11T18:34:02 IST" skipped="0">
  <testcase classname="com.test.Session01" name="test2" time="0.003"/>
  <system-out/>
  <testcase classname="com.test.Session01" name="test1" time="0.008"/>
  <system-out/>
</testsuite> <!-- com.test.Session01 -->
